<?xml version="1.0" encoding="UTF-8"?>
<testsuite name="NumbersTest" tests="1" skipped="0" failures="0" errors="0" timestamp="2023-07-13T17:18:44" hostname="IKOKSHP" time="4.635">
  <properties/>
  <testcase name="start" classname="NumbersTest" time="4.635"/>
  <system-out><![CDATA[?[1;31m
Start test 1?[0m
Welcome to Amazing Numbers!

Supported requests:
- enter a natural number to know its properties;
- enter two natural numbers to obtain the properties of the list:
  * the first parameter represents a starting number;
  * the second parameter shows how many consecutive numbers are to be processed;
- two natural numbers and properties to search for;
- a property preceded by minus must not be present in numbers;
- separate the parameters with one space;
- enter 0 to exit.

Enter a request: > 0
Goodbye!
?[1;31m
Start test 2?[0m
Welcome to Amazing Numbers!

Supported requests:
- enter a natural number to know its properties;
- enter two natural numbers to obtain the properties of the list:
  * the first parameter represents a starting number;
  * the second parameter shows how many consecutive numbers are to be processed;
- two natural numbers and properties to search for;
- a property preceded by minus must not be present in numbers;
- separate the parameters with one space;
- enter 0 to exit.

Enter a request: > -108
The first parameter should be a natural number or zero.

Enter a request: > 0
Goodbye!
?[1;31m
Start test 3?[0m
Welcome to Amazing Numbers!

Supported requests:
- enter a natural number to know its properties;
- enter two natural numbers to obtain the properties of the list:
  * the first parameter represents a starting number;
  * the second parameter shows how many consecutive numbers are to be processed;
- two natural numbers and properties to search for;
- a property preceded by minus must not be present in numbers;
- separate the parameters with one space;
- enter 0 to exit.

Enter a request: > -19
The first parameter should be a natural number or zero.

Enter a request: > 0
Goodbye!
?[1;31m
Start test 4?[0m
Welcome to Amazing Numbers!

Supported requests:
- enter a natural number to know its properties;
- enter two natural numbers to obtain the properties of the list:
  * the first parameter represents a starting number;
  * the second parameter shows how many consecutive numbers are to be processed;
- two natural numbers and properties to search for;
- a property preceded by minus must not be present in numbers;
- separate the parameters with one space;
- enter 0 to exit.

Enter a request: > -95
The first parameter should be a natural number or zero.

Enter a request: > 0
Goodbye!
?[1;31m
Start test 5?[0m
Welcome to Amazing Numbers!

Supported requests:
- enter a natural number to know its properties;
- enter two natural numbers to obtain the properties of the list:
  * the first parameter represents a starting number;
  * the second parameter shows how many consecutive numbers are to be processed;
- two natural numbers and properties to search for;
- a property preceded by minus must not be present in numbers;
- separate the parameters with one space;
- enter 0 to exit.

Enter a request: > -36
The first parameter should be a natural number or zero.

Enter a request: > 0
Goodbye!
?[1;31m
Start test 6?[0m
Welcome to Amazing Numbers!

Supported requests:
- enter a natural number to know its properties;
- enter two natural numbers to obtain the properties of the list:
  * the first parameter represents a starting number;
  * the second parameter shows how many consecutive numbers are to be processed;
- two natural numbers and properties to search for;
- a property preceded by minus must not be present in numbers;
- separate the parameters with one space;
- enter 0 to exit.

Enter a request: > -101
The first parameter should be a natural number or zero.

Enter a request: > 0
Goodbye!
?[1;31m
Start test 7?[0m
Welcome to Amazing Numbers!

Supported requests:
- enter a natural number to know its properties;
- enter two natural numbers to obtain the properties of the list:
  * the first parameter represents a starting number;
  * the second parameter shows how many consecutive numbers are to be processed;
- two natural numbers and properties to search for;
- a property preceded by minus must not be present in numbers;
- separate the parameters with one space;
- enter 0 to exit.

Enter a request: > 24411 -3249
The second parameter should be a natural number.

Enter a request: > 0
Goodbye!
?[1;31m
Start test 8?[0m
Welcome to Amazing Numbers!

Supported requests:
- enter a natural number to know its properties;
- enter two natural numbers to obtain the properties of the list:
  * the first parameter represents a starting number;
  * the second parameter shows how many consecutive numbers are to be processed;
- two natural numbers and properties to search for;
- a property preceded by minus must not be present in numbers;
- separate the parameters with one space;
- enter 0 to exit.

Enter a request: > 28742 -19092
The second parameter should be a natural number.

Enter a request: > 0
Goodbye!
?[1;31m
Start test 9?[0m
Welcome to Amazing Numbers!

Supported requests:
- enter a natural number to know its properties;
- enter two natural numbers to obtain the properties of the list:
  * the first parameter represents a starting number;
  * the second parameter shows how many consecutive numbers are to be processed;
- two natural numbers and properties to search for;
- a property preceded by minus must not be present in numbers;
- separate the parameters with one space;
- enter 0 to exit.

Enter a request: > 21207 -7915
The second parameter should be a natural number.

Enter a request: > 0
Goodbye!
?[1;31m
Start test 10?[0m
Welcome to Amazing Numbers!

Supported requests:
- enter a natural number to know its properties;
- enter two natural numbers to obtain the properties of the list:
  * the first parameter represents a starting number;
  * the second parameter shows how many consecutive numbers are to be processed;
- two natural numbers and properties to search for;
- a property preceded by minus must not be present in numbers;
- separate the parameters with one space;
- enter 0 to exit.

Enter a request: > 20327 -8960
The second parameter should be a natural number.

Enter a request: > 0
Goodbye!
?[1;31m
Start test 11?[0m
Welcome to Amazing Numbers!

Supported requests:
- enter a natural number to know its properties;
- enter two natural numbers to obtain the properties of the list:
  * the first parameter represents a starting number;
  * the second parameter shows how many consecutive numbers are to be processed;
- two natural numbers and properties to search for;
- a property preceded by minus must not be present in numbers;
- separate the parameters with one space;
- enter 0 to exit.

Enter a request: > 23906 -18020
The second parameter should be a natural number.

Enter a request: > 0
Goodbye!
?[1;31m
Start test 12?[0m
Welcome to Amazing Numbers!

Supported requests:
- enter a natural number to know its properties;
- enter two natural numbers to obtain the properties of the list:
  * the first parameter represents a starting number;
  * the second parameter shows how many consecutive numbers are to be processed;
- two natural numbers and properties to search for;
- a property preceded by minus must not be present in numbers;
- separate the parameters with one space;
- enter 0 to exit.

Enter a request: > 14095 -11899
The second parameter should be a natural number.

Enter a request: > 0
Goodbye!
?[1;31m
Start test 13?[0m
Welcome to Amazing Numbers!

Supported requests:
- enter a natural number to know its properties;
- enter two natural numbers to obtain the properties of the list:
  * the first parameter represents a starting number;
  * the second parameter shows how many consecutive numbers are to be processed;
- two natural numbers and properties to search for;
- a property preceded by minus must not be present in numbers;
- separate the parameters with one space;
- enter 0 to exit.

Enter a request: > 19064 -22247
The second parameter should be a natural number.

Enter a request: > 0
Goodbye!
?[1;31m
Start test 14?[0m
Welcome to Amazing Numbers!

Supported requests:
- enter a natural number to know its properties;
- enter two natural numbers to obtain the properties of the list:
  * the first parameter represents a starting number;
  * the second parameter shows how many consecutive numbers are to be processed;
- two natural numbers and properties to search for;
- a property preceded by minus must not be present in numbers;
- separate the parameters with one space;
- enter 0 to exit.

Enter a request: > 2722 -11768
The second parameter should be a natural number.

Enter a request: > 0
Goodbye!
?[1;31m
Start test 15?[0m
Welcome to Amazing Numbers!

Supported requests:
- enter a natural number to know its properties;
- enter two natural numbers to obtain the properties of the list:
  * the first parameter represents a starting number;
  * the second parameter shows how many consecutive numbers are to be processed;
- two natural numbers and properties to search for;
- a property preceded by minus must not be present in numbers;
- separate the parameters with one space;
- enter 0 to exit.

Enter a request: > 31056 -19213
The second parameter should be a natural number.

Enter a request: > 0
Goodbye!
?[1;31m
Start test 16?[0m
Welcome to Amazing Numbers!

Supported requests:
- enter a natural number to know its properties;
- enter two natural numbers to obtain the properties of the list:
  * the first parameter represents a starting number;
  * the second parameter shows how many consecutive numbers are to be processed;
- two natural numbers and properties to search for;
- a property preceded by minus must not be present in numbers;
- separate the parameters with one space;
- enter 0 to exit.

Enter a request: > 22000 -8463
The second parameter should be a natural number.

Enter a request: > 0
Goodbye!
?[1;31m
Start test 17?[0m
Welcome to Amazing Numbers!

Supported requests:
- enter a natural number to know its properties;
- enter two natural numbers to obtain the properties of the list:
  * the first parameter represents a starting number;
  * the second parameter shows how many consecutive numbers are to be processed;
- two natural numbers and properties to search for;
- a property preceded by minus must not be present in numbers;
- separate the parameters with one space;
- enter 0 to exit.

Enter a request: > 1

Properties of 1
        buzz: false
        duck: false
 palindromic: true
      gapful: false
         spy: true
      square: true
       sunny: false
     jumping: true
       happy: true
         sad: false
        even: false
         odd: true

Enter a request: > 2

Properties of 2
        buzz: false
        duck: false
 palindromic: true
      gapful: false
         spy: true
      square: false
       sunny: false
     jumping: true
       happy: false
         sad: true
        even: true
         odd: false

Enter a request: > 3

Properties of 3
        buzz: false
        duck: false
 palindromic: true
      gapful: false
         spy: true
      square: false
       sunny: true
     jumping: true
       happy: false
         sad: true
        even: false
         odd: true

Enter a request: > 4

Properties of 4
        buzz: false
        duck: false
 palindromic: true
      gapful: false
         spy: true
      square: true
       sunny: false
     jumping: true
       happy: false
         sad: true
        even: true
         odd: false

Enter a request: > 5

Properties of 5
        buzz: false
        duck: false
 palindromic: true
      gapful: false
         spy: true
      square: false
       sunny: false
     jumping: true
       happy: false
         sad: true
        even: false
         odd: true

Enter a request: > 6

Properties of 6
        buzz: false
        duck: false
 palindromic: true
      gapful: false
         spy: true
      square: false
       sunny: false
     jumping: true
       happy: false
         sad: true
        even: true
         odd: false

Enter a request: > 7

Properties of 7
        buzz: true
        duck: false
 palindromic: true
      gapful: false
         spy: true
      square: false
       sunny: false
     jumping: true
       happy: true
         sad: false
        even: false
         odd: true

Enter a request: > 8

Properties of 8
        buzz: false
        duck: false
 palindromic: true
      gapful: false
         spy: true
      square: false
       sunny: true
     jumping: true
       happy: false
         sad: true
        even: true
         odd: false

Enter a request: > 9

Properties of 9
        buzz: false
        duck: false
 palindromic: true
      gapful: false
         spy: true
      square: true
       sunny: false
     jumping: true
       happy: false
         sad: true
        even: false
         odd: true

Enter a request: > 10

Properties of 10
        buzz: false
        duck: true
 palindromic: false
      gapful: false
         spy: false
      square: false
       sunny: false
     jumping: true
       happy: true
         sad: false
        even: true
         odd: false

Enter a request: > 11

Properties of 11
        buzz: false
        duck: false
 palindromic: true
      gapful: false
         spy: false
      square: false
       sunny: false
     jumping: false
       happy: false
         sad: true
        even: false
         odd: true

Enter a request: > 12

Properties of 12
        buzz: false
        duck: false
 palindromic: false
      gapful: false
         spy: false
      square: false
       sunny: false
     jumping: true
       happy: false
         sad: true
        even: true
         odd: false

Enter a request: > 13

Properties of 13
        buzz: false
        duck: false
 palindromic: false
      gapful: false
         spy: false
      square: false
       sunny: false
     jumping: false
       happy: true
         sad: false
        even: false
         odd: true

Enter a request: > 14

Properties of 14
        buzz: true
        duck: false
 palindromic: false
      gapful: false
         spy: false
      square: false
       sunny: false
     jumping: false
       happy: false
         sad: true
        even: true
         odd: false

Enter a request: > 7055458297221613202

Properties of 7,055,458,297,221,613,202
        buzz: true
        duck: true
 palindromic: false
      gapful: false
         spy: false
      square: false
       sunny: false
     jumping: false
       happy: false
         sad: true
        even: true
         odd: false

Enter a request: > 9084982656309388137

Properties of 9,084,982,656,309,388,137
        buzz: true
        duck: true
 palindromic: false
      gapful: false
         spy: false
      square: false
       sunny: false
     jumping: false
       happy: false
         sad: true
        even: false
         odd: true

Enter a request: > 8176309172445672418

Properties of 8,176,309,172,445,672,418
        buzz: false
        duck: true
 palindromic: false
      gapful: false
         spy: false
      square: false
       sunny: false
     jumping: false
       happy: false
         sad: true
        even: true
         odd: false

Enter a request: > 4797213897232266949

Properties of 4,797,213,897,232,266,949
        buzz: false
        duck: false
 palindromic: false
      gapful: false
         spy: false
      square: false
       sunny: false
     jumping: false
       happy: false
         sad: true
        even: false
         odd: true

Enter a request: > 8652269765126286924

Properties of 8,652,269,765,126,286,924
        buzz: false
        duck: false
 palindromic: false
      gapful: false
         spy: false
      square: false
       sunny: false
     jumping: false
       happy: false
         sad: true
        even: true
         odd: false

Enter a request: > 606669560265359292

Properties of 606,669,560,265,359,292
        buzz: false
        duck: true
 palindromic: false
      gapful: false
         spy: false
      square: false
       sunny: false
     jumping: false
       happy: false
         sad: true
        even: true
         odd: false

Enter a request: > 6192007548829016372

Properties of 6,192,007,548,829,016,372
        buzz: false
        duck: true
 palindromic: false
      gapful: false
         spy: false
      square: false
       sunny: false
     jumping: false
       happy: false
         sad: true
        even: true
         odd: false

Enter a request: > 5654747541965891583

Properties of 5,654,747,541,965,891,583
        buzz: false
        duck: false
 palindromic: false
      gapful: false
         spy: false
      square: false
       sunny: false
     jumping: false
       happy: true
         sad: false
        even: false
         odd: true

Enter a request: > 4900569564977988586

Properties of 4,900,569,564,977,988,586
        buzz: false
        duck: true
 palindromic: false
      gapful: false
         spy: false
      square: false
       sunny: false
     jumping: false
       happy: false
         sad: true
        even: true
         odd: false

Enter a request: > 4664967524849486631

Properties of 4,664,967,524,849,486,631
        buzz: true
        duck: false
 palindromic: false
      gapful: false
         spy: false
      square: false
       sunny: false
     jumping: false
       happy: true
         sad: false
        even: false
         odd: true

Enter a request: > 0
Goodbye!
?[1;31m
Start test 18?[0m
Welcome to Amazing Numbers!

Supported requests:
- enter a natural number to know its properties;
- enter two natural numbers to obtain the properties of the list:
  * the first parameter represents a starting number;
  * the second parameter shows how many consecutive numbers are to be processed;
- two natural numbers and properties to search for;
- a property preceded by minus must not be present in numbers;
- separate the parameters with one space;
- enter 0 to exit.

Enter a request: > 1 15
1 is palindromic, spy, square, jumping, happy, odd
2 is palindromic, spy, jumping, sad, even
3 is palindromic, spy, sunny, jumping, sad, odd
4 is palindromic, spy, square, jumping, sad, even
5 is palindromic, spy, jumping, sad, odd
6 is palindromic, spy, jumping, sad, even
7 is buzz, palindromic, spy, jumping, happy, odd
8 is palindromic, spy, sunny, jumping, sad, even
9 is palindromic, spy, square, jumping, sad, odd
10 is duck, jumping, happy, even
11 is palindromic, sad, odd
12 is jumping, sad, even
13 is happy, odd
14 is buzz, sad, even
15 is sunny, sad, odd

Enter a request: > 0
Goodbye!
?[1;31m
Start test 19?[0m
Welcome to Amazing Numbers!

Supported requests:
- enter a natural number to know its properties;
- enter two natural numbers to obtain the properties of the list:
  * the first parameter represents a starting number;
  * the second parameter shows how many consecutive numbers are to be processed;
- two natural numbers and properties to search for;
- a property preceded by minus must not be present in numbers;
- separate the parameters with one space;
- enter 0 to exit.

Enter a request: > 3086698473194108289 1
3,086,698,473,194,108,289 is duck, sad, odd

Enter a request: > 0
Goodbye!
?[1;31m
Start test 20?[0m
Welcome to Amazing Numbers!

Supported requests:
- enter a natural number to know its properties;
- enter two natural numbers to obtain the properties of the list:
  * the first parameter represents a starting number;
  * the second parameter shows how many consecutive numbers are to be processed;
- two natural numbers and properties to search for;
- a property preceded by minus must not be present in numbers;
- separate the parameters with one space;
- enter 0 to exit.

Enter a request: > 1222348402730894612 1
1,222,348,402,730,894,612 is duck, sad, even

Enter a request: > 0
Goodbye!
?[1;31m
Start test 21?[0m
Welcome to Amazing Numbers!

Supported requests:
- enter a natural number to know its properties;
- enter two natural numbers to obtain the properties of the list:
  * the first parameter represents a starting number;
  * the second parameter shows how many consecutive numbers are to be processed;
- two natural numbers and properties to search for;
- a property preceded by minus must not be present in numbers;
- separate the parameters with one space;
- enter 0 to exit.

Enter a request: > 7877404202751787278 12
7,877,404,202,751,787,278 is duck, sad, even
7,877,404,202,751,787,279 is duck, happy, odd
7,877,404,202,751,787,280 is duck, happy, even
7,877,404,202,751,787,281 is duck, sad, odd
7,877,404,202,751,787,282 is duck, sad, even
7,877,404,202,751,787,283 is duck, happy, odd
7,877,404,202,751,787,284 is buzz, duck, sad, even
7,877,404,202,751,787,285 is duck, sad, odd
7,877,404,202,751,787,286 is duck, sad, even
7,877,404,202,751,787,287 is buzz, duck, sad, odd
7,877,404,202,751,787,288 is duck, sad, even
7,877,404,202,751,787,289 is duck, happy, odd

Enter a request: > 0
Goodbye!
?[1;31m
Start test 22?[0m
Welcome to Amazing Numbers!

Supported requests:
- enter a natural number to know its properties;
- enter two natural numbers to obtain the properties of the list:
  * the first parameter represents a starting number;
  * the second parameter shows how many consecutive numbers are to be processed;
- two natural numbers and properties to search for;
- a property preceded by minus must not be present in numbers;
- separate the parameters with one space;
- enter 0 to exit.

Enter a request: > 1961502836596071666 10
1,961,502,836,596,071,666 is duck, sad, even
1,961,502,836,596,071,667 is buzz, duck, sad, odd
1,961,502,836,596,071,668 is duck, sad, even
1,961,502,836,596,071,669 is duck, sad, odd
1,961,502,836,596,071,670 is duck, gapful, sad, even
1,961,502,836,596,071,671 is buzz, duck, sad, odd
1,961,502,836,596,071,672 is duck, gapful, sad, even
1,961,502,836,596,071,673 is duck, sad, odd
1,961,502,836,596,071,674 is duck, sad, even
1,961,502,836,596,071,675 is duck, gapful, sad, odd

Enter a request: > 0
Goodbye!
?[1;31m
Start test 23?[0m
Welcome to Amazing Numbers!

Supported requests:
- enter a natural number to know its properties;
- enter two natural numbers to obtain the properties of the list:
  * the first parameter represents a starting number;
  * the second parameter shows how many consecutive numbers are to be processed;
- two natural numbers and properties to search for;
- a property preceded by minus must not be present in numbers;
- separate the parameters with one space;
- enter 0 to exit.

Enter a request: > 5492231860018681109 13
5,492,231,860,018,681,109 is duck, sad, odd
5,492,231,860,018,681,110 is duck, sad, even
5,492,231,860,018,681,111 is duck, happy, odd
5,492,231,860,018,681,112 is duck, sad, even
5,492,231,860,018,681,113 is buzz, duck, sad, odd
5,492,231,860,018,681,114 is duck, sad, even
5,492,231,860,018,681,115 is duck, sad, odd
5,492,231,860,018,681,116 is duck, sad, even
5,492,231,860,018,681,117 is buzz, duck, sad, odd
5,492,231,860,018,681,118 is duck, sad, even
5,492,231,860,018,681,119 is duck, sad, odd
5,492,231,860,018,681,120 is buzz, duck, sad, even
5,492,231,860,018,681,121 is duck, sad, odd

Enter a request: > 0
Goodbye!
?[1;31m
Start test 24?[0m
Welcome to Amazing Numbers!

Supported requests:
- enter a natural number to know its properties;
- enter two natural numbers to obtain the properties of the list:
  * the first parameter represents a starting number;
  * the second parameter shows how many consecutive numbers are to be processed;
- two natural numbers and properties to search for;
- a property preceded by minus must not be present in numbers;
- separate the parameters with one space;
- enter 0 to exit.

Enter a request: > 4622299334173624741 17
4,622,299,334,173,624,741 is sad, odd
4,622,299,334,173,624,742 is sad, even
4,622,299,334,173,624,743 is sad, odd
4,622,299,334,173,624,744 is sad, even
4,622,299,334,173,624,745 is sad, odd
4,622,299,334,173,624,746 is sad, even
4,622,299,334,173,624,747 is buzz, sad, odd
4,622,299,334,173,624,748 is sad, even
4,622,299,334,173,624,749 is sad, odd
4,622,299,334,173,624,750 is duck, sad, even
4,622,299,334,173,624,751 is sad, odd
4,622,299,334,173,624,752 is sad, even
4,622,299,334,173,624,753 is sad, odd
4,622,299,334,173,624,754 is buzz, sad, even
4,622,299,334,173,624,755 is sad, odd
4,622,299,334,173,624,756 is sad, even
4,622,299,334,173,624,757 is buzz, sad, odd

Enter a request: > 0
Goodbye!
?[1;31m
Start test 25?[0m
Welcome to Amazing Numbers!

Supported requests:
- enter a natural number to know its properties;
- enter two natural numbers to obtain the properties of the list:
  * the first parameter represents a starting number;
  * the second parameter shows how many consecutive numbers are to be processed;
- two natural numbers and properties to search for;
- a property preceded by minus must not be present in numbers;
- separate the parameters with one space;
- enter 0 to exit.

Enter a request: > 5768239871046910308 14
5,768,239,871,046,910,308 is duck, sad, even
5,768,239,871,046,910,309 is duck, sad, odd
5,768,239,871,046,910,310 is duck, sad, even
5,768,239,871,046,910,311 is duck, gapful, sad, odd
5,768,239,871,046,910,312 is duck, sad, even
5,768,239,871,046,910,313 is buzz, duck, sad, odd
5,768,239,871,046,910,314 is duck, sad, even
5,768,239,871,046,910,315 is duck, sad, odd
5,768,239,871,046,910,316 is duck, sad, even
5,768,239,871,046,910,317 is buzz, duck, sad, odd
5,768,239,871,046,910,318 is duck, sad, even
5,768,239,871,046,910,319 is duck, sad, odd
5,768,239,871,046,910,320 is buzz, duck, sad, even
5,768,239,871,046,910,321 is duck, sad, odd

Enter a request: > 0
Goodbye!
?[1;31m
Start test 26?[0m
Welcome to Amazing Numbers!

Supported requests:
- enter a natural number to know its properties;
- enter two natural numbers to obtain the properties of the list:
  * the first parameter represents a starting number;
  * the second parameter shows how many consecutive numbers are to be processed;
- two natural numbers and properties to search for;
- a property preceded by minus must not be present in numbers;
- separate the parameters with one space;
- enter 0 to exit.

Enter a request: > 3370713518549995557 15
3,370,713,518,549,995,557 is buzz, duck, sad, odd
3,370,713,518,549,995,558 is duck, gapful, sad, even
3,370,713,518,549,995,559 is duck, happy, odd
3,370,713,518,549,995,560 is duck, gapful, sad, even
3,370,713,518,549,995,561 is duck, sad, odd
3,370,713,518,549,995,562 is buzz, duck, sad, even
3,370,713,518,549,995,563 is duck, gapful, sad, odd
3,370,713,518,549,995,564 is duck, sad, even
3,370,713,518,549,995,565 is duck, sad, odd
3,370,713,518,549,995,566 is duck, happy, even
3,370,713,518,549,995,567 is buzz, duck, happy, odd
3,370,713,518,549,995,568 is duck, sad, even
3,370,713,518,549,995,569 is buzz, duck, sad, odd
3,370,713,518,549,995,570 is duck, sad, even
3,370,713,518,549,995,571 is duck, sad, odd

Enter a request: > 0
Goodbye!
?[1;31m
Start test 27?[0m
Welcome to Amazing Numbers!

Supported requests:
- enter a natural number to know its properties;
- enter two natural numbers to obtain the properties of the list:
  * the first parameter represents a starting number;
  * the second parameter shows how many consecutive numbers are to be processed;
- two natural numbers and properties to search for;
- a property preceded by minus must not be present in numbers;
- separate the parameters with one space;
- enter 0 to exit.

Enter a request: > 8003587771984045196 2
8,003,587,771,984,045,196 is duck, sad, even
8,003,587,771,984,045,197 is buzz, duck, sad, odd

Enter a request: > 0
Goodbye!
?[1;31m
Start test 28?[0m
Welcome to Amazing Numbers!

Supported requests:
- enter a natural number to know its properties;
- enter two natural numbers to obtain the properties of the list:
  * the first parameter represents a starting number;
  * the second parameter shows how many consecutive numbers are to be processed;
- two natural numbers and properties to search for;
- a property preceded by minus must not be present in numbers;
- separate the parameters with one space;
- enter 0 to exit.

Enter a request: > 142077442959614603 11
142,077,442,959,614,603 is buzz, duck, happy, odd
142,077,442,959,614,604 is duck, sad, even
142,077,442,959,614,605 is duck, sad, odd
142,077,442,959,614,606 is duck, sad, even
142,077,442,959,614,607 is buzz, duck, sad, odd
142,077,442,959,614,608 is duck, sad, even
142,077,442,959,614,609 is duck, sad, odd
142,077,442,959,614,610 is buzz, duck, gapful, sad, even
142,077,442,959,614,611 is duck, sad, odd
142,077,442,959,614,612 is duck, sad, even
142,077,442,959,614,613 is duck, sad, odd

Enter a request: > 0
Goodbye!
?[1;31m
Start test 29?[0m
Welcome to Amazing Numbers!

Supported requests:
- enter a natural number to know its properties;
- enter two natural numbers to obtain the properties of the list:
  * the first parameter represents a starting number;
  * the second parameter shows how many consecutive numbers are to be processed;
- two natural numbers and properties to search for;
- a property preceded by minus must not be present in numbers;
- separate the parameters with one space;
- enter 0 to exit.

Enter a request: > 1 10 May
The property [MAY] is wrong.
Available properties: [EVEN, ODD, BUZZ, DUCK, PALINDROMIC, GAPFUL, SPY, SQUARE, SUNNY, JUMPING, HAPPY, SAD]

Enter a request: > 0
Goodbye!
?[1;31m
Start test 30?[0m
Welcome to Amazing Numbers!

Supported requests:
- enter a natural number to know its properties;
- enter two natural numbers to obtain the properties of the list:
  * the first parameter represents a starting number;
  * the second parameter shows how many consecutive numbers are to be processed;
- two natural numbers and properties to search for;
- a property preceded by minus must not be present in numbers;
- separate the parameters with one space;
- enter 0 to exit.

Enter a request: > 40 2 bay
The property [BAY] is wrong.
Available properties: [EVEN, ODD, BUZZ, DUCK, PALINDROMIC, GAPFUL, SPY, SQUARE, SUNNY, JUMPING, HAPPY, SAD]

Enter a request: > 0
Goodbye!
?[1;31m
Start test 31?[0m
Welcome to Amazing Numbers!

Supported requests:
- enter a natural number to know its properties;
- enter two natural numbers to obtain the properties of the list:
  * the first parameter represents a starting number;
  * the second parameter shows how many consecutive numbers are to be processed;
- two natural numbers and properties to search for;
- a property preceded by minus must not be present in numbers;
- separate the parameters with one space;
- enter 0 to exit.

Enter a request: > 37 4 8
The property [8] is wrong.
Available properties: [EVEN, ODD, BUZZ, DUCK, PALINDROMIC, GAPFUL, SPY, SQUARE, SUNNY, JUMPING, HAPPY, SAD]

Enter a request: > 0
Goodbye!
?[1;31m
Start test 32?[0m
Welcome to Amazing Numbers!

Supported requests:
- enter a natural number to know its properties;
- enter two natural numbers to obtain the properties of the list:
  * the first parameter represents a starting number;
  * the second parameter shows how many consecutive numbers are to be processed;
- two natural numbers and properties to search for;
- a property preceded by minus must not be present in numbers;
- separate the parameters with one space;
- enter 0 to exit.

Enter a request: > 67 2 day
The property [DAY] is wrong.
Available properties: [EVEN, ODD, BUZZ, DUCK, PALINDROMIC, GAPFUL, SPY, SQUARE, SUNNY, JUMPING, HAPPY, SAD]

Enter a request: > 0
Goodbye!
?[1;31m
Start test 33?[0m
Welcome to Amazing Numbers!

Supported requests:
- enter a natural number to know its properties;
- enter two natural numbers to obtain the properties of the list:
  * the first parameter represents a starting number;
  * the second parameter shows how many consecutive numbers are to be processed;
- two natural numbers and properties to search for;
- a property preceded by minus must not be present in numbers;
- separate the parameters with one space;
- enter 0 to exit.

Enter a request: > 2 54 Prime
The property [PRIME] is wrong.
Available properties: [EVEN, ODD, BUZZ, DUCK, PALINDROMIC, GAPFUL, SPY, SQUARE, SUNNY, JUMPING, HAPPY, SAD]

Enter a request: > 0
Goodbye!
?[1;31m
Start test 34?[0m
Welcome to Amazing Numbers!

Supported requests:
- enter a natural number to know its properties;
- enter two natural numbers to obtain the properties of the list:
  * the first parameter represents a starting number;
  * the second parameter shows how many consecutive numbers are to be processed;
- two natural numbers and properties to search for;
- a property preceded by minus must not be present in numbers;
- separate the parameters with one space;
- enter 0 to exit.

Enter a request: > 6 8 ...
The property [...] is wrong.
Available properties: [EVEN, ODD, BUZZ, DUCK, PALINDROMIC, GAPFUL, SPY, SQUARE, SUNNY, JUMPING, HAPPY, SAD]

Enter a request: > 0
Goodbye!
?[1;31m
Start test 35?[0m
Welcome to Amazing Numbers!

Supported requests:
- enter a natural number to know its properties;
- enter two natural numbers to obtain the properties of the list:
  * the first parameter represents a starting number;
  * the second parameter shows how many consecutive numbers are to be processed;
- two natural numbers and properties to search for;
- a property preceded by minus must not be present in numbers;
- separate the parameters with one space;
- enter 0 to exit.

Enter a request: > 5 9 none
The property [NONE] is wrong.
Available properties: [EVEN, ODD, BUZZ, DUCK, PALINDROMIC, GAPFUL, SPY, SQUARE, SUNNY, JUMPING, HAPPY, SAD]

Enter a request: > 0
Goodbye!
?[1;31m
Start test 36?[0m
Welcome to Amazing Numbers!

Supported requests:
- enter a natural number to know its properties;
- enter two natural numbers to obtain the properties of the list:
  * the first parameter represents a starting number;
  * the second parameter shows how many consecutive numbers are to be processed;
- two natural numbers and properties to search for;
- a property preceded by minus must not be present in numbers;
- separate the parameters with one space;
- enter 0 to exit.

Enter a request: > 1 10 EVEN
2 is palindromic, spy, jumping, sad, even
4 is palindromic, spy, square, jumping, sad, even
6 is palindromic, spy, jumping, sad, even
8 is palindromic, spy, sunny, jumping, sad, even
10 is duck, jumping, happy, even
12 is jumping, sad, even
14 is buzz, sad, even
16 is square, sad, even
18 is sad, even
20 is duck, sad, even

Enter a request: > 1 10 ODD
1 is palindromic, spy, square, jumping, happy, odd
3 is palindromic, spy, sunny, jumping, sad, odd
5 is palindromic, spy, jumping, sad, odd
7 is buzz, palindromic, spy, jumping, happy, odd
9 is palindromic, spy, square, jumping, sad, odd
11 is palindromic, sad, odd
13 is happy, odd
15 is sunny, sad, odd
17 is buzz, sad, odd
19 is happy, odd

Enter a request: > 1 10 BUZZ
7 is buzz, palindromic, spy, jumping, happy, odd
14 is buzz, sad, even
17 is buzz, sad, odd
21 is buzz, jumping, sad, odd
27 is buzz, sad, odd
28 is buzz, happy, even
35 is buzz, sunny, sad, odd
37 is buzz, sad, odd
42 is buzz, sad, even
47 is buzz, sad, odd

Enter a request: > 1 10 DUCK
10 is duck, jumping, happy, even
20 is duck, sad, even
30 is duck, sad, even
40 is duck, sad, even
50 is duck, sad, even
60 is duck, sad, even
70 is buzz, duck, happy, even
80 is duck, sunny, sad, even
90 is duck, sad, even
100 is duck, gapful, square, happy, even

Enter a request: > 1 10 PALINDROMIC
1 is palindromic, spy, square, jumping, happy, odd
2 is palindromic, spy, jumping, sad, even
3 is palindromic, spy, sunny, jumping, sad, odd
4 is palindromic, spy, square, jumping, sad, even
5 is palindromic, spy, jumping, sad, odd
6 is palindromic, spy, jumping, sad, even
7 is buzz, palindromic, spy, jumping, happy, odd
8 is palindromic, spy, sunny, jumping, sad, even
9 is palindromic, spy, square, jumping, sad, odd
11 is palindromic, sad, odd

Enter a request: > 1 10 GAPFUL
100 is duck, gapful, square, happy, even
105 is buzz, duck, gapful, sad, odd
108 is duck, gapful, sad, even
110 is duck, gapful, sad, even
120 is duck, gapful, sunny, sad, even
121 is palindromic, gapful, square, jumping, sad, odd
130 is duck, gapful, happy, even
132 is gapful, spy, sad, even
135 is gapful, sad, odd
140 is buzz, duck, gapful, sad, even

Enter a request: > 1 10 SPY
1 is palindromic, spy, square, jumping, happy, odd
2 is palindromic, spy, jumping, sad, even
3 is palindromic, spy, sunny, jumping, sad, odd
4 is palindromic, spy, square, jumping, sad, even
5 is palindromic, spy, jumping, sad, odd
6 is palindromic, spy, jumping, sad, even
7 is buzz, palindromic, spy, jumping, happy, odd
8 is palindromic, spy, sunny, jumping, sad, even
9 is palindromic, spy, square, jumping, sad, odd
22 is palindromic, spy, sad, even

Enter a request: > 1 10 SQUARE
1 is palindromic, spy, square, jumping, happy, odd
4 is palindromic, spy, square, jumping, sad, even
9 is palindromic, spy, square, jumping, sad, odd
16 is square, sad, even
25 is square, sad, odd
36 is square, sad, even
49 is buzz, square, happy, odd
64 is square, sad, even
81 is square, sad, odd
100 is duck, gapful, square, happy, even

Enter a request: > 1 10 SUNNY
3 is palindromic, spy, sunny, jumping, sad, odd
8 is palindromic, spy, sunny, jumping, sad, even
15 is sunny, sad, odd
24 is sunny, sad, even
35 is buzz, sunny, sad, odd
48 is sunny, sad, even
63 is buzz, sunny, sad, odd
80 is duck, sunny, sad, even
99 is palindromic, sunny, sad, odd
120 is duck, gapful, sunny, sad, even

Enter a request: > 1 10 JUMPING
1 is palindromic, spy, square, jumping, happy, odd
2 is palindromic, spy, jumping, sad, even
3 is palindromic, spy, sunny, jumping, sad, odd
4 is palindromic, spy, square, jumping, sad, even
5 is palindromic, spy, jumping, sad, odd
6 is palindromic, spy, jumping, sad, even
7 is buzz, palindromic, spy, jumping, happy, odd
8 is palindromic, spy, sunny, jumping, sad, even
9 is palindromic, spy, square, jumping, sad, odd
10 is duck, jumping, happy, even

Enter a request: > 1 10 HAPPY
1 is palindromic, spy, square, jumping, happy, odd
7 is buzz, palindromic, spy, jumping, happy, odd
10 is duck, jumping, happy, even
13 is happy, odd
19 is happy, odd
23 is jumping, happy, odd
28 is buzz, happy, even
31 is happy, odd
32 is jumping, happy, even
44 is palindromic, happy, even

Enter a request: > 1 10 SAD
2 is palindromic, spy, jumping, sad, even
3 is palindromic, spy, sunny, jumping, sad, odd
4 is palindromic, spy, square, jumping, sad, even
5 is palindromic, spy, jumping, sad, odd
6 is palindromic, spy, jumping, sad, even
8 is palindromic, spy, sunny, jumping, sad, even
9 is palindromic, spy, square, jumping, sad, odd
11 is palindromic, sad, odd
12 is jumping, sad, even
14 is buzz, sad, even

Enter a request: > 0
Goodbye!
?[1;31m
Start test 37?[0m
Welcome to Amazing Numbers!

Supported requests:
- enter a natural number to know its properties;
- enter two natural numbers to obtain the properties of the list:
  * the first parameter represents a starting number;
  * the second parameter shows how many consecutive numbers are to be processed;
- two natural numbers and properties to search for;
- a property preceded by minus must not be present in numbers;
- separate the parameters with one space;
- enter 0 to exit.

Enter a request: > 6982 6 SPY
11,125 is spy, happy, odd
11,133 is spy, sad, odd
11,152 is spy, happy, even
11,215 is spy, happy, odd
11,222 is spy, sad, even
11,251 is spy, happy, odd

Enter a request: > 0
Goodbye!
?[1;31m
Start test 38?[0m
Welcome to Amazing Numbers!

Supported requests:
- enter a natural number to know its properties;
- enter two natural numbers to obtain the properties of the list:
  * the first parameter represents a starting number;
  * the second parameter shows how many consecutive numbers are to be processed;
- two natural numbers and properties to search for;
- a property preceded by minus must not be present in numbers;
- separate the parameters with one space;
- enter 0 to exit.

Enter a request: > 4268 9 SPY
11,125 is spy, happy, odd
11,133 is spy, sad, odd
11,152 is spy, happy, even
11,215 is spy, happy, odd
11,222 is spy, sad, even
11,251 is spy, happy, odd
11,313 is spy, sad, odd
11,331 is spy, sad, odd
11,512 is spy, happy, even

Enter a request: > 0
Goodbye!
?[1;31m
Start test 39?[0m
Welcome to Amazing Numbers!

Supported requests:
- enter a natural number to know its properties;
- enter two natural numbers to obtain the properties of the list:
  * the first parameter represents a starting number;
  * the second parameter shows how many consecutive numbers are to be processed;
- two natural numbers and properties to search for;
- a property preceded by minus must not be present in numbers;
- separate the parameters with one space;
- enter 0 to exit.

Enter a request: > 27887 5 SUNNY
27,888 is buzz, gapful, sunny, sad, even
28,223 is sunny, sad, odd
28,560 is buzz, duck, gapful, sunny, happy, even
28,899 is sunny, sad, odd
29,240 is duck, gapful, sunny, sad, even

Enter a request: > 0
Goodbye!
?[1;31m
Start test 40?[0m
Welcome to Amazing Numbers!

Supported requests:
- enter a natural number to know its properties;
- enter two natural numbers to obtain the properties of the list:
  * the first parameter represents a starting number;
  * the second parameter shows how many consecutive numbers are to be processed;
- two natural numbers and properties to search for;
- a property preceded by minus must not be present in numbers;
- separate the parameters with one space;
- enter 0 to exit.

Enter a request: > 1499 4 JUMPING
2,101 is duck, jumping, sad, odd
2,121 is buzz, gapful, jumping, happy, odd
2,123 is jumping, sad, odd
2,321 is jumping, sad, odd

Enter a request: > 0
Goodbye!
?[1;31m
Start test 41?[0m
Welcome to Amazing Numbers!

Supported requests:
- enter a natural number to know its properties;
- enter two natural numbers to obtain the properties of the list:
  * the first parameter represents a starting number;
  * the second parameter shows how many consecutive numbers are to be processed;
- two natural numbers and properties to search for;
- a property preceded by minus must not be present in numbers;
- separate the parameters with one space;
- enter 0 to exit.

Enter a request: > 29658 12 ODD
29,659 is buzz, sad, odd
29,661 is sad, odd
29,663 is sad, odd
29,665 is sad, odd
29,667 is buzz, sad, odd
29,669 is sad, odd
29,671 is sad, odd
29,673 is buzz, sad, odd
29,675 is gapful, sad, odd
29,677 is buzz, happy, odd
29,679 is sad, odd
29,681 is sad, odd

Enter a request: > 0
Goodbye!
?[1;31m
Start test 42?[0m
Welcome to Amazing Numbers!

Supported requests:
- enter a natural number to know its properties;
- enter two natural numbers to obtain the properties of the list:
  * the first parameter represents a starting number;
  * the second parameter shows how many consecutive numbers are to be processed;
- two natural numbers and properties to search for;
- a property preceded by minus must not be present in numbers;
- separate the parameters with one space;
- enter 0 to exit.

Enter a request: > 5264 5 SAD
5,264 is buzz, sad, even
5,265 is sad, odd
5,266 is sad, even
5,267 is buzz, sad, odd
5,269 is sad, odd

Enter a request: > 0
Goodbye!
?[1;31m
Start test 43?[0m
Welcome to Amazing Numbers!

Supported requests:
- enter a natural number to know its properties;
- enter two natural numbers to obtain the properties of the list:
  * the first parameter represents a starting number;
  * the second parameter shows how many consecutive numbers are to be processed;
- two natural numbers and properties to search for;
- a property preceded by minus must not be present in numbers;
- separate the parameters with one space;
- enter 0 to exit.

Enter a request: > 7680 17 PALINDROMIC
7,777 is buzz, palindromic, gapful, sad, odd
7,887 is buzz, palindromic, happy, odd
7,997 is buzz, palindromic, sad, odd
8,008 is buzz, duck, palindromic, gapful, sad, even
8,118 is palindromic, happy, even
8,228 is palindromic, sad, even
8,338 is palindromic, sad, even
8,448 is palindromic, gapful, sad, even
8,558 is palindromic, sad, even
8,668 is palindromic, sad, even
8,778 is buzz, palindromic, happy, even
8,888 is palindromic, gapful, sad, even
8,998 is palindromic, sad, even
9,009 is buzz, duck, palindromic, gapful, sad, odd
9,119 is palindromic, sad, odd
9,229 is palindromic, sad, odd
9,339 is palindromic, sad, odd

Enter a request: > 0
Goodbye!
?[1;31m
Start test 44?[0m
Welcome to Amazing Numbers!

Supported requests:
- enter a natural number to know its properties;
- enter two natural numbers to obtain the properties of the list:
  * the first parameter represents a starting number;
  * the second parameter shows how many consecutive numbers are to be processed;
- two natural numbers and properties to search for;
- a property preceded by minus must not be present in numbers;
- separate the parameters with one space;
- enter 0 to exit.

Enter a request: > 18069 15 JUMPING
21,010 is duck, jumping, sad, even
21,012 is duck, palindromic, jumping, happy, even
21,210 is buzz, duck, jumping, happy, even
21,212 is palindromic, spy, jumping, sad, even
21,232 is jumping, sad, even
21,234 is jumping, sad, even
23,210 is duck, jumping, sad, even
23,212 is buzz, jumping, sad, even
23,232 is palindromic, gapful, jumping, sad, even
23,234 is jumping, sad, even
23,432 is palindromic, jumping, sad, even
23,434 is jumping, sad, even
23,454 is jumping, happy, even
23,456 is jumping, sad, even
32,101 is duck, jumping, sad, odd

Enter a request: > 0
Goodbye!
?[1;31m
Start test 45?[0m
Welcome to Amazing Numbers!

Supported requests:
- enter a natural number to know its properties;
- enter two natural numbers to obtain the properties of the list:
  * the first parameter represents a starting number;
  * the second parameter shows how many consecutive numbers are to be processed;
- two natural numbers and properties to search for;
- a property preceded by minus must not be present in numbers;
- separate the parameters with one space;
- enter 0 to exit.

Enter a request: > 2773 12 SQUARE
2,809 is duck, square, sad, odd
2,916 is square, sad, even
3,025 is duck, square, sad, odd
3,136 is buzz, square, sad, even
3,249 is square, sad, odd
3,364 is square, happy, even
3,481 is square, sad, odd
3,600 is duck, gapful, square, sad, even
3,721 is square, sad, odd
3,844 is square, sad, even
3,969 is buzz, square, sad, odd
4,096 is duck, square, happy, even

Enter a request: > 0
Goodbye!
?[1;31m
Start test 46?[0m
Welcome to Amazing Numbers!

Supported requests:
- enter a natural number to know its properties;
- enter two natural numbers to obtain the properties of the list:
  * the first parameter represents a starting number;
  * the second parameter shows how many consecutive numbers are to be processed;
- two natural numbers and properties to search for;
- a property preceded by minus must not be present in numbers;
- separate the parameters with one space;
- enter 0 to exit.

Enter a request: > 9502 5 GAPFUL
9,540 is duck, gapful, sad, even
9,595 is gapful, sad, odd
9,630 is duck, gapful, sad, even
9,696 is gapful, sad, even
9,720 is duck, gapful, sad, even

Enter a request: > 0
Goodbye!
?[1;31m
Start test 47?[0m
Welcome to Amazing Numbers!

Supported requests:
- enter a natural number to know its properties;
- enter two natural numbers to obtain the properties of the list:
  * the first parameter represents a starting number;
  * the second parameter shows how many consecutive numbers are to be processed;
- two natural numbers and properties to search for;
- a property preceded by minus must not be present in numbers;
- separate the parameters with one space;
- enter 0 to exit.

Enter a request: > 1 10 odd girl
The property [GIRL] is wrong.
Available properties: [EVEN, ODD, BUZZ, DUCK, PALINDROMIC, GAPFUL, SPY, SQUARE, SUNNY, JUMPING, HAPPY, SAD]

Enter a request: > 0
Goodbye!
?[1;31m
Start test 48?[0m
Welcome to Amazing Numbers!

Supported requests:
- enter a natural number to know its properties;
- enter two natural numbers to obtain the properties of the list:
  * the first parameter represents a starting number;
  * the second parameter shows how many consecutive numbers are to be processed;
- two natural numbers and properties to search for;
- a property preceded by minus must not be present in numbers;
- separate the parameters with one space;
- enter 0 to exit.

Enter a request: > 40 2 even day
The property [DAY] is wrong.
Available properties: [EVEN, ODD, BUZZ, DUCK, PALINDROMIC, GAPFUL, SPY, SQUARE, SUNNY, JUMPING, HAPPY, SAD]

Enter a request: > 0
Goodbye!
?[1;31m
Start test 49?[0m
Welcome to Amazing Numbers!

Supported requests:
- enter a natural number to know its properties;
- enter two natural numbers to obtain the properties of the list:
  * the first parameter represents a starting number;
  * the second parameter shows how many consecutive numbers are to be processed;
- two natural numbers and properties to search for;
- a property preceded by minus must not be present in numbers;
- separate the parameters with one space;
- enter 0 to exit.

Enter a request: > 37 4 spy 89
The property [89] is wrong.
Available properties: [EVEN, ODD, BUZZ, DUCK, PALINDROMIC, GAPFUL, SPY, SQUARE, SUNNY, JUMPING, HAPPY, SAD]

Enter a request: > 0
Goodbye!
?[1;31m
Start test 50?[0m
Welcome to Amazing Numbers!

Supported requests:
- enter a natural number to know its properties;
- enter two natural numbers to obtain the properties of the list:
  * the first parameter represents a starting number;
  * the second parameter shows how many consecutive numbers are to be processed;
- two natural numbers and properties to search for;
- a property preceded by minus must not be present in numbers;
- separate the parameters with one space;
- enter 0 to exit.

Enter a request: > 67 2 DUCK +
The property [+] is wrong.
Available properties: [EVEN, ODD, BUZZ, DUCK, PALINDROMIC, GAPFUL, SPY, SQUARE, SUNNY, JUMPING, HAPPY, SAD]

Enter a request: > 0
Goodbye!
?[1;31m
Start test 51?[0m
Welcome to Amazing Numbers!

Supported requests:
- enter a natural number to know its properties;
- enter two natural numbers to obtain the properties of the list:
  * the first parameter represents a starting number;
  * the second parameter shows how many consecutive numbers are to be processed;
- two natural numbers and properties to search for;
- a property preceded by minus must not be present in numbers;
- separate the parameters with one space;
- enter 0 to exit.

Enter a request: > 1 10 boy friend
The properties [FRIEND, BOY] are wrong.
Available properties: [EVEN, ODD, BUZZ, DUCK, PALINDROMIC, GAPFUL, SPY, SQUARE, SUNNY, JUMPING, HAPPY, SAD]

Enter a request: > 0
Goodbye!
?[1;31m
Start test 52?[0m
Welcome to Amazing Numbers!

Supported requests:
- enter a natural number to know its properties;
- enter two natural numbers to obtain the properties of the list:
  * the first parameter represents a starting number;
  * the second parameter shows how many consecutive numbers are to be processed;
- two natural numbers and properties to search for;
- a property preceded by minus must not be present in numbers;
- separate the parameters with one space;
- enter 0 to exit.

Enter a request: > 40 2 long day
The properties [DAY, LONG] are wrong.
Available properties: [EVEN, ODD, BUZZ, DUCK, PALINDROMIC, GAPFUL, SPY, SQUARE, SUNNY, JUMPING, HAPPY, SAD]

Enter a request: > 0
Goodbye!
?[1;31m
Start test 53?[0m
Welcome to Amazing Numbers!

Supported requests:
- enter a natural number to know its properties;
- enter two natural numbers to obtain the properties of the list:
  * the first parameter represents a starting number;
  * the second parameter shows how many consecutive numbers are to be processed;
- two natural numbers and properties to search for;
- a property preceded by minus must not be present in numbers;
- separate the parameters with one space;
- enter 0 to exit.

Enter a request: > 37 4 hot girl
The properties [HOT, GIRL] are wrong.
Available properties: [EVEN, ODD, BUZZ, DUCK, PALINDROMIC, GAPFUL, SPY, SQUARE, SUNNY, JUMPING, HAPPY, SAD]

Enter a request: > 0
Goodbye!
?[1;31m
Start test 54?[0m
Welcome to Amazing Numbers!

Supported requests:
- enter a natural number to know its properties;
- enter two natural numbers to obtain the properties of the list:
  * the first parameter represents a starting number;
  * the second parameter shows how many consecutive numbers are to be processed;
- two natural numbers and properties to search for;
- a property preceded by minus must not be present in numbers;
- separate the parameters with one space;
- enter 0 to exit.

Enter a request: > 67 2 strong drake
The properties [DRAKE, STRONG] are wrong.
Available properties: [EVEN, ODD, BUZZ, DUCK, PALINDROMIC, GAPFUL, SPY, SQUARE, SUNNY, JUMPING, HAPPY, SAD]

Enter a request: > 0
Goodbye!
?[1;31m
Start test 55?[0m
Welcome to Amazing Numbers!

Supported requests:
- enter a natural number to know its properties;
- enter two natural numbers to obtain the properties of the list:
  * the first parameter represents a starting number;
  * the second parameter shows how many consecutive numbers are to be processed;
- two natural numbers and properties to search for;
- a property preceded by minus must not be present in numbers;
- separate the parameters with one space;
- enter 0 to exit.

Enter a request: > 1 7 even spy
2 is palindromic, spy, jumping, sad, even
4 is palindromic, spy, square, jumping, sad, even
6 is palindromic, spy, jumping, sad, even
8 is palindromic, spy, sunny, jumping, sad, even
22 is palindromic, spy, sad, even
132 is gapful, spy, sad, even
312 is spy, sad, even

Enter a request: > 0
Goodbye!
?[1;31m
Start test 56?[0m
Welcome to Amazing Numbers!

Supported requests:
- enter a natural number to know its properties;
- enter two natural numbers to obtain the properties of the list:
  * the first parameter represents a starting number;
  * the second parameter shows how many consecutive numbers are to be processed;
- two natural numbers and properties to search for;
- a property preceded by minus must not be present in numbers;
- separate the parameters with one space;
- enter 0 to exit.

Enter a request: > 1 10 odd buzz
7 is buzz, palindromic, spy, jumping, happy, odd
17 is buzz, sad, odd
21 is buzz, jumping, sad, odd
27 is buzz, sad, odd
35 is buzz, sunny, sad, odd
37 is buzz, sad, odd
47 is buzz, sad, odd
49 is buzz, square, happy, odd
57 is buzz, sad, odd
63 is buzz, sunny, sad, odd

Enter a request: > 0
Goodbye!
?[1;31m
Start test 57?[0m
Welcome to Amazing Numbers!

Supported requests:
- enter a natural number to know its properties;
- enter two natural numbers to obtain the properties of the list:
  * the first parameter represents a starting number;
  * the second parameter shows how many consecutive numbers are to be processed;
- two natural numbers and properties to search for;
- a property preceded by minus must not be present in numbers;
- separate the parameters with one space;
- enter 0 to exit.

Enter a request: > 1 9 buzz gapful
105 is buzz, duck, gapful, sad, odd
140 is buzz, duck, gapful, sad, even
154 is buzz, gapful, sad, even
187 is buzz, gapful, sad, odd
231 is buzz, gapful, spy, sad, odd
280 is buzz, duck, gapful, happy, even
297 is buzz, gapful, sad, odd
315 is buzz, gapful, sad, odd
385 is buzz, gapful, sad, odd

Enter a request: > 0
Goodbye!
?[1;31m
Start test 58?[0m
Welcome to Amazing Numbers!

Supported requests:
- enter a natural number to know its properties;
- enter two natural numbers to obtain the properties of the list:
  * the first parameter represents a starting number;
  * the second parameter shows how many consecutive numbers are to be processed;
- two natural numbers and properties to search for;
- a property preceded by minus must not be present in numbers;
- separate the parameters with one space;
- enter 0 to exit.

Enter a request: > 1 10 spy buzz
7 is buzz, palindromic, spy, jumping, happy, odd
231 is buzz, gapful, spy, sad, odd
1,421 is buzz, spy, sad, odd
2,114 is buzz, spy, sad, even
15,211 is buzz, spy, happy, odd
21,511 is buzz, spy, happy, odd
22,211 is buzz, spy, sad, odd
31,311 is buzz, spy, sad, odd
51,121 is buzz, spy, happy, odd
111,216 is buzz, gapful, spy, happy, even

Enter a request: > 0
Goodbye!
?[1;31m
Start test 59?[0m
Welcome to Amazing Numbers!

Supported requests:
- enter a natural number to know its properties;
- enter two natural numbers to obtain the properties of the list:
  * the first parameter represents a starting number;
  * the second parameter shows how many consecutive numbers are to be processed;
- two natural numbers and properties to search for;
- a property preceded by minus must not be present in numbers;
- separate the parameters with one space;
- enter 0 to exit.

Enter a request: > 100000 2 even spy
111,126 is spy, happy, even
111,162 is spy, happy, even

Enter a request: > 0
Goodbye!
?[1;31m
Start test 60?[0m
Welcome to Amazing Numbers!

Supported requests:
- enter a natural number to know its properties;
- enter two natural numbers to obtain the properties of the list:
  * the first parameter represents a starting number;
  * the second parameter shows how many consecutive numbers are to be processed;
- two natural numbers and properties to search for;
- a property preceded by minus must not be present in numbers;
- separate the parameters with one space;
- enter 0 to exit.

Enter a request: > 100 4 odd gapful
105 is buzz, duck, gapful, sad, odd
121 is palindromic, gapful, square, jumping, sad, odd
135 is gapful, sad, odd
143 is gapful, sunny, sad, odd

Enter a request: > 0
Goodbye!
?[1;31m
Start test 61?[0m
Welcome to Amazing Numbers!

Supported requests:
- enter a natural number to know its properties;
- enter two natural numbers to obtain the properties of the list:
  * the first parameter represents a starting number;
  * the second parameter shows how many consecutive numbers are to be processed;
- two natural numbers and properties to search for;
- a property preceded by minus must not be present in numbers;
- separate the parameters with one space;
- enter 0 to exit.

Enter a request: > 2000 4 palindromic duck
2,002 is buzz, duck, palindromic, gapful, sad, even
3,003 is buzz, duck, palindromic, gapful, sad, odd
4,004 is buzz, duck, palindromic, gapful, happy, even
5,005 is buzz, duck, palindromic, gapful, sad, odd

Enter a request: > 0
Goodbye!
?[1;31m
Start test 62?[0m
Welcome to Amazing Numbers!

Supported requests:
- enter a natural number to know its properties;
- enter two natural numbers to obtain the properties of the list:
  * the first parameter represents a starting number;
  * the second parameter shows how many consecutive numbers are to be processed;
- two natural numbers and properties to search for;
- a property preceded by minus must not be present in numbers;
- separate the parameters with one space;
- enter 0 to exit.

Enter a request: > 26534 3 buzz evens palindromic
The property [EVENS] is wrong.
Available properties: [EVEN, ODD, BUZZ, DUCK, PALINDROMIC, GAPFUL, SPY, SQUARE, SUNNY, JUMPING, HAPPY, SAD]

Enter a request: > 0
Goodbye!
?[1;31m
Start test 63?[0m
Welcome to Amazing Numbers!

Supported requests:
- enter a natural number to know its properties;
- enter two natural numbers to obtain the properties of the list:
  * the first parameter represents a starting number;
  * the second parameter shows how many consecutive numbers are to be processed;
- two natural numbers and properties to search for;
- a property preceded by minus must not be present in numbers;
- separate the parameters with one space;
- enter 0 to exit.

Enter a request: > 4384 2 odd -buzz -palindromic shiny gapful
The property [SHINY] is wrong.
Available properties: [EVEN, ODD, BUZZ, DUCK, PALINDROMIC, GAPFUL, SPY, SQUARE, SUNNY, JUMPING, HAPPY, SAD]

Enter a request: > 0
Goodbye!
?[1;31m
Start test 64?[0m
Welcome to Amazing Numbers!

Supported requests:
- enter a natural number to know its properties;
- enter two natural numbers to obtain the properties of the list:
  * the first parameter represents a starting number;
  * the second parameter shows how many consecutive numbers are to be processed;
- two natural numbers and properties to search for;
- a property preceded by minus must not be present in numbers;
- separate the parameters with one space;
- enter 0 to exit.

Enter a request: > 1 7 hot sunny odd odd -even
The property [HOT] is wrong.
Available properties: [EVEN, ODD, BUZZ, DUCK, PALINDROMIC, GAPFUL, SPY, SQUARE, SUNNY, JUMPING, HAPPY, SAD]

Enter a request: > 0
Goodbye!
?[1;31m
Start test 65?[0m
Welcome to Amazing Numbers!

Supported requests:
- enter a natural number to know its properties;
- enter two natural numbers to obtain the properties of the list:
  * the first parameter represents a starting number;
  * the second parameter shows how many consecutive numbers are to be processed;
- two natural numbers and properties to search for;
- a property preceded by minus must not be present in numbers;
- separate the parameters with one space;
- enter 0 to exit.

Enter a request: > 78343 4 sunny -duck mac odd
The property [MAC] is wrong.
Available properties: [EVEN, ODD, BUZZ, DUCK, PALINDROMIC, GAPFUL, SPY, SQUARE, SUNNY, JUMPING, HAPPY, SAD]

Enter a request: > 0
Goodbye!
?[1;31m
Start test 66?[0m
Welcome to Amazing Numbers!

Supported requests:
- enter a natural number to know its properties;
- enter two natural numbers to obtain the properties of the list:
  * the first parameter represents a starting number;
  * the second parameter shows how many consecutive numbers are to be processed;
- two natural numbers and properties to search for;
- a property preceded by minus must not be present in numbers;
- separate the parameters with one space;
- enter 0 to exit.

Enter a request: > 3 4 -even -sunny -hot
The property [-HOT] is wrong.
Available properties: [EVEN, ODD, BUZZ, DUCK, PALINDROMIC, GAPFUL, SPY, SQUARE, SUNNY, JUMPING, HAPPY, SAD]

Enter a request: > 0
Goodbye!
?[1;31m
Start test 67?[0m
Welcome to Amazing Numbers!

Supported requests:
- enter a natural number to know its properties;
- enter two natural numbers to obtain the properties of the list:
  * the first parameter represents a starting number;
  * the second parameter shows how many consecutive numbers are to be processed;
- two natural numbers and properties to search for;
- a property preceded by minus must not be present in numbers;
- separate the parameters with one space;
- enter 0 to exit.

Enter a request: > 1 7 odd spy palindromic
1 is palindromic, spy, square, jumping, happy, odd
3 is palindromic, spy, sunny, jumping, sad, odd
5 is palindromic, spy, jumping, sad, odd
7 is buzz, palindromic, spy, jumping, happy, odd
9 is palindromic, spy, square, jumping, sad, odd
12,221 is palindromic, gapful, spy, sad, odd
13,131 is palindromic, spy, sad, odd

Enter a request: > 0
Goodbye!
?[1;31m
Start test 68?[0m
Welcome to Amazing Numbers!

Supported requests:
- enter a natural number to know its properties;
- enter two natural numbers to obtain the properties of the list:
  * the first parameter represents a starting number;
  * the second parameter shows how many consecutive numbers are to be processed;
- two natural numbers and properties to search for;
- a property preceded by minus must not be present in numbers;
- separate the parameters with one space;
- enter 0 to exit.

Enter a request: > 1 10 even palindromic duck buzz
2,002 is buzz, duck, palindromic, gapful, sad, even
4,004 is buzz, duck, palindromic, gapful, happy, even
6,006 is buzz, duck, palindromic, gapful, sad, even
8,008 is buzz, duck, palindromic, gapful, sad, even
20,202 is buzz, duck, palindromic, sad, even
20,902 is buzz, duck, palindromic, sad, even
22,022 is buzz, duck, palindromic, gapful, sad, even
29,092 is buzz, duck, palindromic, sad, even
40,404 is buzz, duck, palindromic, sad, even
44,044 is buzz, duck, palindromic, gapful, sad, even

Enter a request: > 0
Goodbye!
?[1;31m
Start test 69?[0m
Welcome to Amazing Numbers!

Supported requests:
- enter a natural number to know its properties;
- enter two natural numbers to obtain the properties of the list:
  * the first parameter represents a starting number;
  * the second parameter shows how many consecutive numbers are to be processed;
- two natural numbers and properties to search for;
- a property preceded by minus must not be present in numbers;
- separate the parameters with one space;
- enter 0 to exit.

Enter a request: > 1 9 even palindromic duck buzz gapful
2,002 is buzz, duck, palindromic, gapful, sad, even
4,004 is buzz, duck, palindromic, gapful, happy, even
6,006 is buzz, duck, palindromic, gapful, sad, even
8,008 is buzz, duck, palindromic, gapful, sad, even
22,022 is buzz, duck, palindromic, gapful, sad, even
44,044 is buzz, duck, palindromic, gapful, sad, even
66,066 is buzz, duck, palindromic, gapful, sad, even
88,088 is buzz, duck, palindromic, gapful, sad, even
202,202 is buzz, duck, palindromic, gapful, sad, even

Enter a request: > 0
Goodbye!
?[1;31m
Start test 70?[0m
Welcome to Amazing Numbers!

Supported requests:
- enter a natural number to know its properties;
- enter two natural numbers to obtain the properties of the list:
  * the first parameter represents a starting number;
  * the second parameter shows how many consecutive numbers are to be processed;
- two natural numbers and properties to search for;
- a property preceded by minus must not be present in numbers;
- separate the parameters with one space;
- enter 0 to exit.

Enter a request: > 1 10 even sunny duck buzz gapful
1,680 is buzz, duck, gapful, sunny, sad, even
4,760 is buzz, duck, gapful, sunny, sad, even
9,408 is buzz, duck, gapful, sunny, sad, even
12,320 is buzz, duck, gapful, sunny, sad, even
19,320 is buzz, duck, gapful, sunny, sad, even
19,880 is buzz, duck, gapful, sunny, sad, even
23,408 is buzz, duck, gapful, sunny, sad, even
24,024 is buzz, duck, gapful, sunny, sad, even
28,560 is buzz, duck, gapful, sunny, happy, even
32,760 is buzz, duck, gapful, sunny, sad, even

Enter a request: > 0
Goodbye!
?[1;31m
Start test 71?[0m
Welcome to Amazing Numbers!

Supported requests:
- enter a natural number to know its properties;
- enter two natural numbers to obtain the properties of the list:
  * the first parameter represents a starting number;
  * the second parameter shows how many consecutive numbers are to be processed;
- two natural numbers and properties to search for;
- a property preceded by minus must not be present in numbers;
- separate the parameters with one space;
- enter 0 to exit.

Enter a request: > 100000 2 even spy buzz gapful
111,216 is buzz, gapful, spy, happy, even
161,112 is buzz, gapful, spy, happy, even

Enter a request: > 0
Goodbye!
?[1;31m
Start test 72?[0m
Welcome to Amazing Numbers!

Supported requests:
- enter a natural number to know its properties;
- enter two natural numbers to obtain the properties of the list:
  * the first parameter represents a starting number;
  * the second parameter shows how many consecutive numbers are to be processed;
- two natural numbers and properties to search for;
- a property preceded by minus must not be present in numbers;
- separate the parameters with one space;
- enter 0 to exit.

Enter a request: > 100 4 odd spy gapful
231 is buzz, gapful, spy, sad, odd
12,221 is palindromic, gapful, spy, sad, odd
216,111 is buzz, gapful, spy, happy, odd
1,111,341 is buzz, gapful, spy, sad, odd

Enter a request: > 0
Goodbye!
?[1;31m
Start test 73?[0m
Welcome to Amazing Numbers!

Supported requests:
- enter a natural number to know its properties;
- enter two natural numbers to obtain the properties of the list:
  * the first parameter represents a starting number;
  * the second parameter shows how many consecutive numbers are to be processed;
- two natural numbers and properties to search for;
- a property preceded by minus must not be present in numbers;
- separate the parameters with one space;
- enter 0 to exit.

Enter a request: > 2000 4 even palindromic duck
2,002 is buzz, duck, palindromic, gapful, sad, even
4,004 is buzz, duck, palindromic, gapful, happy, even
6,006 is buzz, duck, palindromic, gapful, sad, even
8,008 is buzz, duck, palindromic, gapful, sad, even

Enter a request: > 0
Goodbye!
?[1;31m
Start test 74?[0m
Welcome to Amazing Numbers!

Supported requests:
- enter a natural number to know its properties;
- enter two natural numbers to obtain the properties of the list:
  * the first parameter represents a starting number;
  * the second parameter shows how many consecutive numbers are to be processed;
- two natural numbers and properties to search for;
- a property preceded by minus must not be present in numbers;
- separate the parameters with one space;
- enter 0 to exit.

Enter a request: > 1 15 odd spy -duck spy buzz
7 is buzz, palindromic, spy, jumping, happy, odd
231 is buzz, gapful, spy, sad, odd
1,421 is buzz, spy, sad, odd
15,211 is buzz, spy, happy, odd
21,511 is buzz, spy, happy, odd
22,211 is buzz, spy, sad, odd
31,311 is buzz, spy, sad, odd
51,121 is buzz, spy, happy, odd
112,161 is buzz, spy, happy, odd
121,611 is buzz, spy, happy, odd
216,111 is buzz, gapful, spy, happy, odd
611,121 is buzz, spy, happy, odd
1,111,127 is buzz, spy, sad, odd
1,111,217 is buzz, spy, sad, odd
1,111,271 is buzz, spy, sad, odd

Enter a request: > 0
Goodbye!
?[1;31m
Start test 75?[0m
Welcome to Amazing Numbers!

Supported requests:
- enter a natural number to know its properties;
- enter two natural numbers to obtain the properties of the list:
  * the first parameter represents a starting number;
  * the second parameter shows how many consecutive numbers are to be processed;
- two natural numbers and properties to search for;
- a property preceded by minus must not be present in numbers;
- separate the parameters with one space;
- enter 0 to exit.

Enter a request: > 1 2 jumping happy -spy
10 is duck, jumping, happy, even
23 is jumping, happy, odd

Enter a request: > 0
Goodbye!
?[1;31m
Start test 76?[0m
Welcome to Amazing Numbers!

Supported requests:
- enter a natural number to know its properties;
- enter two natural numbers to obtain the properties of the list:
  * the first parameter represents a starting number;
  * the second parameter shows how many consecutive numbers are to be processed;
- two natural numbers and properties to search for;
- a property preceded by minus must not be present in numbers;
- separate the parameters with one space;
- enter 0 to exit.

Enter a request: > 5 1 odd even
The request contains mutually exclusive properties: [ODD, EVEN]
There are no numbers with these properties.

Enter a request: > 0
Goodbye!
?[1;31m
Start test 77?[0m
Welcome to Amazing Numbers!

Supported requests:
- enter a natural number to know its properties;
- enter two natural numbers to obtain the properties of the list:
  * the first parameter represents a starting number;
  * the second parameter shows how many consecutive numbers are to be processed;
- two natural numbers and properties to search for;
- a property preceded by minus must not be present in numbers;
- separate the parameters with one space;
- enter 0 to exit.

Enter a request: > 4 3 even odd
The request contains mutually exclusive properties: [ODD, EVEN]
There are no numbers with these properties.

Enter a request: > 0
Goodbye!
?[1;31m
Start test 78?[0m
Welcome to Amazing Numbers!

Supported requests:
- enter a natural number to know its properties;
- enter two natural numbers to obtain the properties of the list:
  * the first parameter represents a starting number;
  * the second parameter shows how many consecutive numbers are to be processed;
- two natural numbers and properties to search for;
- a property preceded by minus must not be present in numbers;
- separate the parameters with one space;
- enter 0 to exit.

Enter a request: > 32 2 sunny square
The request contains mutually exclusive properties: [SQUARE, SUNNY]
There are no numbers with these properties.

Enter a request: > 0
Goodbye!
?[1;31m
Start test 79?[0m
Welcome to Amazing Numbers!

Supported requests:
- enter a natural number to know its properties;
- enter two natural numbers to obtain the properties of the list:
  * the first parameter represents a starting number;
  * the second parameter shows how many consecutive numbers are to be processed;
- two natural numbers and properties to search for;
- a property preceded by minus must not be present in numbers;
- separate the parameters with one space;
- enter 0 to exit.

Enter a request: > 3153 2 spy duck
The request contains mutually exclusive properties: [DUCK, SPY]
There are no numbers with these properties.

Enter a request: > 0
Goodbye!
?[1;31m
Start test 80?[0m
Welcome to Amazing Numbers!

Supported requests:
- enter a natural number to know its properties;
- enter two natural numbers to obtain the properties of the list:
  * the first parameter represents a starting number;
  * the second parameter shows how many consecutive numbers are to be processed;
- two natural numbers and properties to search for;
- a property preceded by minus must not be present in numbers;
- separate the parameters with one space;
- enter 0 to exit.

Enter a request: > 6 7 duck spy
The request contains mutually exclusive properties: [DUCK, SPY]
There are no numbers with these properties.

Enter a request: > 0
Goodbye!
?[1;31m
Start test 81?[0m
Welcome to Amazing Numbers!

Supported requests:
- enter a natural number to know its properties;
- enter two natural numbers to obtain the properties of the list:
  * the first parameter represents a starting number;
  * the second parameter shows how many consecutive numbers are to be processed;
- two natural numbers and properties to search for;
- a property preceded by minus must not be present in numbers;
- separate the parameters with one space;
- enter 0 to exit.

Enter a request: > 1 2 spy odd sunny even
The request contains mutually exclusive properties: [ODD, EVEN]
There are no numbers with these properties.

Enter a request: > 0
Goodbye!
?[1;31m
Start test 82?[0m
Welcome to Amazing Numbers!

Supported requests:
- enter a natural number to know its properties;
- enter two natural numbers to obtain the properties of the list:
  * the first parameter represents a starting number;
  * the second parameter shows how many consecutive numbers are to be processed;
- two natural numbers and properties to search for;
- a property preceded by minus must not be present in numbers;
- separate the parameters with one space;
- enter 0 to exit.

Enter a request: > 7 2 sunny even duck buzz square
The request contains mutually exclusive properties: [SQUARE, SUNNY]
There are no numbers with these properties.

Enter a request: > 0
Goodbye!
?[1;31m
Start test 83?[0m
Welcome to Amazing Numbers!

Supported requests:
- enter a natural number to know its properties;
- enter two natural numbers to obtain the properties of the list:
  * the first parameter represents a starting number;
  * the second parameter shows how many consecutive numbers are to be processed;
- two natural numbers and properties to search for;
- a property preceded by minus must not be present in numbers;
- separate the parameters with one space;
- enter 0 to exit.

Enter a request: > 9 5 even spy buzz duck
The request contains mutually exclusive properties: [DUCK, SPY]
There are no numbers with these properties.

Enter a request: > 0
Goodbye!
?[1;31m
Start test 84?[0m
Welcome to Amazing Numbers!

Supported requests:
- enter a natural number to know its properties;
- enter two natural numbers to obtain the properties of the list:
  * the first parameter represents a starting number;
  * the second parameter shows how many consecutive numbers are to be processed;
- two natural numbers and properties to search for;
- a property preceded by minus must not be present in numbers;
- separate the parameters with one space;
- enter 0 to exit.

Enter a request: > 6 6 -odd -even
The request contains mutually exclusive properties: [-ODD, -EVEN]
There are no numbers with these properties.

Enter a request: > 0
Goodbye!
?[1;31m
Start test 85?[0m
Welcome to Amazing Numbers!

Supported requests:
- enter a natural number to know its properties;
- enter two natural numbers to obtain the properties of the list:
  * the first parameter represents a starting number;
  * the second parameter shows how many consecutive numbers are to be processed;
- two natural numbers and properties to search for;
- a property preceded by minus must not be present in numbers;
- separate the parameters with one space;
- enter 0 to exit.

Enter a request: > 6 7 odd -odd
The request contains mutually exclusive properties: [-ODD, ODD]
There are no numbers with these properties.

Enter a request: > 0
Goodbye!
?[1;31m
Start test 86?[0m
Welcome to Amazing Numbers!

Supported requests:
- enter a natural number to know its properties;
- enter two natural numbers to obtain the properties of the list:
  * the first parameter represents a starting number;
  * the second parameter shows how many consecutive numbers are to be processed;
- two natural numbers and properties to search for;
- a property preceded by minus must not be present in numbers;
- separate the parameters with one space;
- enter 0 to exit.

Enter a request: > 8 1 -even even
The request contains mutually exclusive properties: [-EVEN, EVEN]
There are no numbers with these properties.

Enter a request: > 0
Goodbye!
?[1;31m
Start test 87?[0m
Welcome to Amazing Numbers!

Supported requests:
- enter a natural number to know its properties;
- enter two natural numbers to obtain the properties of the list:
  * the first parameter represents a starting number;
  * the second parameter shows how many consecutive numbers are to be processed;
- two natural numbers and properties to search for;
- a property preceded by minus must not be present in numbers;
- separate the parameters with one space;
- enter 0 to exit.

Enter a request: > 3 5 odd duck buzz -duck sunny
The request contains mutually exclusive properties: [-DUCK, DUCK]
There are no numbers with these properties.

Enter a request: > 0
Goodbye!
?[1;31m
Start test 88?[0m
Welcome to Amazing Numbers!

Supported requests:
- enter a natural number to know its properties;
- enter two natural numbers to obtain the properties of the list:
  * the first parameter represents a starting number;
  * the second parameter shows how many consecutive numbers are to be processed;
- two natural numbers and properties to search for;
- a property preceded by minus must not be present in numbers;
- separate the parameters with one space;
- enter 0 to exit.

Enter a request: > 1 15 -EVEN
1 is palindromic, spy, square, jumping, happy, odd
3 is palindromic, spy, sunny, jumping, sad, odd
5 is palindromic, spy, jumping, sad, odd
7 is buzz, palindromic, spy, jumping, happy, odd
9 is palindromic, spy, square, jumping, sad, odd
11 is palindromic, sad, odd
13 is happy, odd
15 is sunny, sad, odd
17 is buzz, sad, odd
19 is happy, odd
21 is buzz, jumping, sad, odd
23 is jumping, happy, odd
25 is square, sad, odd
27 is buzz, sad, odd
29 is sad, odd

Enter a request: > 1 15 -ODD
2 is palindromic, spy, jumping, sad, even
4 is palindromic, spy, square, jumping, sad, even
6 is palindromic, spy, jumping, sad, even
8 is palindromic, spy, sunny, jumping, sad, even
10 is duck, jumping, happy, even
12 is jumping, sad, even
14 is buzz, sad, even
16 is square, sad, even
18 is sad, even
20 is duck, sad, even
22 is palindromic, spy, sad, even
24 is sunny, sad, even
26 is sad, even
28 is buzz, happy, even
30 is duck, sad, even

Enter a request: > 1 15 -BUZZ
1 is palindromic, spy, square, jumping, happy, odd
2 is palindromic, spy, jumping, sad, even
3 is palindromic, spy, sunny, jumping, sad, odd
4 is palindromic, spy, square, jumping, sad, even
5 is palindromic, spy, jumping, sad, odd
6 is palindromic, spy, jumping, sad, even
8 is palindromic, spy, sunny, jumping, sad, even
9 is palindromic, spy, square, jumping, sad, odd
10 is duck, jumping, happy, even
11 is palindromic, sad, odd
12 is jumping, sad, even
13 is happy, odd
15 is sunny, sad, odd
16 is square, sad, even
18 is sad, even

Enter a request: > 1 15 -DUCK
1 is palindromic, spy, square, jumping, happy, odd
2 is palindromic, spy, jumping, sad, even
3 is palindromic, spy, sunny, jumping, sad, odd
4 is palindromic, spy, square, jumping, sad, even
5 is palindromic, spy, jumping, sad, odd
6 is palindromic, spy, jumping, sad, even
7 is buzz, palindromic, spy, jumping, happy, odd
8 is palindromic, spy, sunny, jumping, sad, even
9 is palindromic, spy, square, jumping, sad, odd
11 is palindromic, sad, odd
12 is jumping, sad, even
13 is happy, odd
14 is buzz, sad, even
15 is sunny, sad, odd
16 is square, sad, even

Enter a request: > 1 15 -PALINDROMIC
10 is duck, jumping, happy, even
12 is jumping, sad, even
13 is happy, odd
14 is buzz, sad, even
15 is sunny, sad, odd
16 is square, sad, even
17 is buzz, sad, odd
18 is sad, even
19 is happy, odd
20 is duck, sad, even
21 is buzz, jumping, sad, odd
23 is jumping, happy, odd
24 is sunny, sad, even
25 is square, sad, odd
26 is sad, even

Enter a request: > 1 15 -GAPFUL
1 is palindromic, spy, square, jumping, happy, odd
2 is palindromic, spy, jumping, sad, even
3 is palindromic, spy, sunny, jumping, sad, odd
4 is palindromic, spy, square, jumping, sad, even
5 is palindromic, spy, jumping, sad, odd
6 is palindromic, spy, jumping, sad, even
7 is buzz, palindromic, spy, jumping, happy, odd
8 is palindromic, spy, sunny, jumping, sad, even
9 is palindromic, spy, square, jumping, sad, odd
10 is duck, jumping, happy, even
11 is palindromic, sad, odd
12 is jumping, sad, even
13 is happy, odd
14 is buzz, sad, even
15 is sunny, sad, odd

Enter a request: > 1 15 -SPY
10 is duck, jumping, happy, even
11 is palindromic, sad, odd
12 is jumping, sad, even
13 is happy, odd
14 is buzz, sad, even
15 is sunny, sad, odd
16 is square, sad, even
17 is buzz, sad, odd
18 is sad, even
19 is happy, odd
20 is duck, sad, even
21 is buzz, jumping, sad, odd
23 is jumping, happy, odd
24 is sunny, sad, even
25 is square, sad, odd

Enter a request: > 1 15 -SQUARE
2 is palindromic, spy, jumping, sad, even
3 is palindromic, spy, sunny, jumping, sad, odd
5 is palindromic, spy, jumping, sad, odd
6 is palindromic, spy, jumping, sad, even
7 is buzz, palindromic, spy, jumping, happy, odd
8 is palindromic, spy, sunny, jumping, sad, even
10 is duck, jumping, happy, even
11 is palindromic, sad, odd
12 is jumping, sad, even
13 is happy, odd
14 is buzz, sad, even
15 is sunny, sad, odd
17 is buzz, sad, odd
18 is sad, even
19 is happy, odd

Enter a request: > 1 15 -SUNNY
1 is palindromic, spy, square, jumping, happy, odd
2 is palindromic, spy, jumping, sad, even
4 is palindromic, spy, square, jumping, sad, even
5 is palindromic, spy, jumping, sad, odd
6 is palindromic, spy, jumping, sad, even
7 is buzz, palindromic, spy, jumping, happy, odd
9 is palindromic, spy, square, jumping, sad, odd
10 is duck, jumping, happy, even
11 is palindromic, sad, odd
12 is jumping, sad, even
13 is happy, odd
14 is buzz, sad, even
16 is square, sad, even
17 is buzz, sad, odd
18 is sad, even

Enter a request: > 1 15 -JUMPING
11 is palindromic, sad, odd
13 is happy, odd
14 is buzz, sad, even
15 is sunny, sad, odd
16 is square, sad, even
17 is buzz, sad, odd
18 is sad, even
19 is happy, odd
20 is duck, sad, even
22 is palindromic, spy, sad, even
24 is sunny, sad, even
25 is square, sad, odd
26 is sad, even
27 is buzz, sad, odd
28 is buzz, happy, even

Enter a request: > 1 15 -HAPPY
2 is palindromic, spy, jumping, sad, even
3 is palindromic, spy, sunny, jumping, sad, odd
4 is palindromic, spy, square, jumping, sad, even
5 is palindromic, spy, jumping, sad, odd
6 is palindromic, spy, jumping, sad, even
8 is palindromic, spy, sunny, jumping, sad, even
9 is palindromic, spy, square, jumping, sad, odd
11 is palindromic, sad, odd
12 is jumping, sad, even
14 is buzz, sad, even
15 is sunny, sad, odd
16 is square, sad, even
17 is buzz, sad, odd
18 is sad, even
20 is duck, sad, even

Enter a request: > 1 15 -SAD
1 is palindromic, spy, square, jumping, happy, odd
7 is buzz, palindromic, spy, jumping, happy, odd
10 is duck, jumping, happy, even
13 is happy, odd
19 is happy, odd
23 is jumping, happy, odd
28 is buzz, happy, even
31 is happy, odd
32 is jumping, happy, even
44 is palindromic, happy, even
49 is buzz, square, happy, odd
68 is happy, even
70 is buzz, duck, happy, even
79 is happy, odd
82 is happy, even

Enter a request: > 0
Goodbye!
]]></system-out>
  <system-err><![CDATA[]]></system-err>
</testsuite>
